<?xml version='1.0' encoding='UTF-8'?>
<dataset>
  <st_group id="1" domainid="0" specificid="1" name="Simpsons" description="" synchrorule=""/>
  <st_group id="2" domainid="0" specificid="2" supergroupid="1" name="Children" description="" synchrorule=""/>
  <st_group id="3" domainid="0" specificid="3" supergroupid="1" name="Parents" description="" synchrorule=""/>
  
  <st_user id="1" domainid="0" specificid="1" firstname="Bart" lastname="Simpson" email="bart.simpson@silverpeas.org" login="bart.simpson" loginmail="" accesslevel="U" loginquestion="" loginanswer=""/>
  <st_user id="2" domainid="0" specificid="2" firstname="Lisa" lastname="Simpson" email="lisa.simpson@silverpeas.org" login="lisa.simpson" loginmail="" accesslevel="U" loginquestion="" loginanswer=""/>
  <st_user id="3" domainid="0" specificid="3" firstname="Maggie" lastname="Simpson" email="maggie.simpson@silverpeas.org" login="maggie.simpson" loginmail="" accesslevel="U" loginquestion="" loginanswer=""/>
  <st_user id="4" domainid="0" specificid="4" firstname="Homer" lastname="Simpson" email="homer.simpson@silverpeas.org" login="homer.simpson" loginmail="" accesslevel="U" loginquestion="" loginanswer=""/>
  <st_user id="5" domainid="0" specificid="5" firstname="Marge" lastname="Simpson" email="marge.simpson@silverpeas.org" login="marge.simpson" loginmail="" accesslevel="U" loginquestion="" loginanswer=""/>
  
  <st_group_user_rel groupid="1" userid="1"/>
  <st_group_user_rel groupid="2" userid="1"/>
  <st_group_user_rel groupid="2" userid="2"/>
  <st_group_user_rel groupid="2" userid="3"/>
  <st_group_user_rel groupid="3" userid="4"/>
  <st_group_user_rel groupid="3" userid="5"/>
  
  <sb_stat_connectioncumul datestat="2011-01-01" userid="1" countconnection="34" duration="353282954"/>
  <sb_stat_connectioncumul datestat="2011-01-01" userid="2" countconnection="5" duration="10077813"/>
  <sb_stat_connectioncumul datestat="2011-01-01" userid="3" countconnection="71" duration="839936043"/>
  <sb_stat_connectioncumul datestat="2011-01-01" userid="4" countconnection="97" duration="890435611"/>
  <sb_stat_connectioncumul datestat="2011-01-01" userid="5" countconnection="16" duration="33485629"/>
  
  <sb_stat_connectioncumul datestat="2011-02-01" userid="1" countconnection="10" duration="19393516"/>
  <sb_stat_connectioncumul datestat="2011-02-01" userid="2" countconnection="8" duration="17248937"/>
  <sb_stat_connectioncumul datestat="2011-02-01" userid="3" countconnection="49" duration="137319674"/>  
  <sb_stat_connectioncumul datestat="2011-02-01" userid="4" countconnection="57" duration="145001011"/>
  <sb_stat_connectioncumul datestat="2011-02-01" userid="5" countconnection="5" duration="12604658"/>
  
  <sb_stat_connectioncumul datestat="2011-03-01" userid="1" countconnection="44" duration="480061201"/>
  <sb_stat_connectioncumul datestat="2011-03-01" userid="2" countconnection="64" duration="795077447"/>
  <sb_stat_connectioncumul datestat="2011-03-01" userid="3" countconnection="41" duration="600340240"/>
  <sb_stat_connectioncumul datestat="2011-03-01" userid="4" countconnection="139" duration="349477599"/>
  <sb_stat_connectioncumul datestat="2011-03-01" userid="5" countconnection="1" duration="14423032"/>
  
  <sb_stat_connectioncumul datestat="2011-04-01" userid="1" countconnection="3" duration="9504000"/>
  <sb_stat_connectioncumul datestat="2011-04-01" userid="2" countconnection="2" duration="3721031"/>
  <sb_stat_connectioncumul datestat="2011-04-01" userid="3" countconnection="53" duration="796772435"/>
  <sb_stat_connectioncumul datestat="2011-04-01" userid="4" countconnection="48" duration="333543547"/>
  <sb_stat_connectioncumul datestat="2011-04-01" userid="5" countconnection="288" duration="1589079961"/>
  
  <sb_stat_connectioncumul datestat="2011-05-01" userid="1" countconnection="1" duration="1864859"/>
  <sb_stat_connectioncumul datestat="2011-05-01" userid="2" countconnection="51" duration="119062229"/>
  <sb_stat_connectioncumul datestat="2011-05-01" userid="3" countconnection="12" duration="28180342"/>
  <sb_stat_connectioncumul datestat="2011-05-01" userid="4" countconnection="16" duration="29557344"/>
  <sb_stat_connectioncumul datestat="2011-05-01" userid="5" countconnection="35" duration="133440623"/>

  <sb_stat_connectioncumul datestat="2011-06-01" userid="1" countconnection="13" duration="30242735"/>
  <sb_stat_connectioncumul datestat="2011-06-01" userid="2" countconnection="17" duration="85030220"/>
  <sb_stat_connectioncumul datestat="2011-06-01" userid="3" countconnection="67" duration="161696874"/>
  <sb_stat_connectioncumul datestat="2011-06-01" userid="4" countconnection="14" duration="65769156"/>
  <sb_stat_connectioncumul datestat="2011-06-01" userid="5" countconnection="4" duration="7086469"/>
</dataset>
